[2019-05-10 09:37:25] local.ERROR: SQLSTATE[42000]: Syntax error or access violation: 1055 'pos.ordertable.cgst_amount' isn't in GROUP BY (SQL: 
            SELECT
                producttable.hsnorsac as product_hsnorsac,
                SUM(ordertable.sub_total) as sub_total,
                (ordertable.cgst_percentage + ordertable.sgst_percentage) as gst_percentage,
                (ordertable.cgst_amount + ordertable.sgst_amount) as gst_amount,
                SUM(ordertable.cgst_amount) as cgst_amount,
                SUM(ordertable.cgst_percentage) as cgst_percentage,
                SUM(ordertable.sgst_amount) as sgst_amount,
                SUM(ordertable.sgst_percentage) as sgst_percentage,
                SUM(ordertable.igst_amount) AS igst_amount,
                SUM(ordertable.igst_percentage) AS igst_percentage
            FROM
                pos.`order` as ordertable
            INNER JOIN
                pos.`product` as producttable
            ON
                producttable.id = ordertable.product_id
            WHERE
                ordertable.order_no = '63'
            AND
                ordertable.gst_amount > 0
            GROUP BY
                ordertable.order_no,
                ordertable.cgst_percentage,
                ordertable.sgst_percentage,
                producttable.hsnorsac) {"exception":"[object] (Illuminate\\Database\\QueryException(code: 42000): SQLSTATE[42000]: Syntax error or access violation: 1055 'pos.ordertable.cgst_amount' isn't in GROUP BY (SQL: 
            SELECT
                producttable.hsnorsac as product_hsnorsac,
                SUM(ordertable.sub_total) as sub_total,
                (ordertable.cgst_percentage + ordertable.sgst_percentage) as gst_percentage,
                (ordertable.cgst_amount + ordertable.sgst_amount) as gst_amount,
                SUM(ordertable.cgst_amount) as cgst_amount,
                SUM(ordertable.cgst_percentage) as cgst_percentage,
                SUM(ordertable.sgst_amount) as sgst_amount,
                SUM(ordertable.sgst_percentage) as sgst_percentage,
                SUM(ordertable.igst_amount) AS igst_amount,
                SUM(ordertable.igst_percentage) AS igst_percentage
            FROM
                pos.`order` as ordertable
            INNER JOIN
                pos.`product` as producttable
            ON
                producttable.id = ordertable.product_id
            WHERE
                ordertable.order_no = '63'
            AND
                ordertable.gst_amount > 0
            GROUP BY
                ordertable.order_no,
                ordertable.cgst_percentage,
                ordertable.sgst_percentage,
                producttable.hsnorsac) at E:\\Backup\\04-May-2019\\POSAPI\\vendor\\laravel\\framework\\src\\Illuminate\\Database\\Connection.php:664, Doctrine\\DBAL\\Driver\\PDOException(code: 42000): SQLSTATE[42000]: Syntax error or access violation: 1055 'pos.ordertable.cgst_amount' isn't in GROUP BY at E:\\Backup\\04-May-2019\\POSAPI\\vendor\\doctrine\\dbal\\lib\\Doctrine\\DBAL\\Driver\\PDOConnection.php:63, PDOException(code: 42000): SQLSTATE[42000]: Syntax error or access violation: 1055 'pos.ordertable.cgst_amount' isn't in GROUP BY at E:\\Backup\\04-May-2019\\POSAPI\\vendor\\doctrine\\dbal\\lib\\Doctrine\\DBAL\\Driver\\PDOConnection.php:61)
[stacktrace]
#0 E:\\Backup\\04-May-2019\\POSAPI\\vendor\\laravel\\framework\\src\\Illuminate\\Database\\Connection.php(624): Illuminate\\Database\\Connection->runQueryCallback(Object(Illuminate\\Database\\Query\\Expression), Array, Object(Closure))
#1 E:\\Backup\\04-May-2019\\POSAPI\\vendor\\laravel\\framework\\src\\Illuminate\\Database\\Connection.php(333): Illuminate\\Database\\Connection->run(Object(Illuminate\\Database\\Query\\Expression), Array, Object(Closure))
#2 E:\\Backup\\04-May-2019\\POSAPI\\vendor\\laravel\\framework\\src\\Illuminate\\Database\\DatabaseManager.php(347): Illuminate\\Database\\Connection->select(Object(Illuminate\\Database\\Query\\Expression))
#3 E:\\Backup\\04-May-2019\\POSAPI\\vendor\\laravel\\framework\\src\\Illuminate\\Support\\Facades\\Facade.php(237): Illuminate\\Database\\DatabaseManager->__call('select', Array)
#4 E:\\Backup\\04-May-2019\\POSAPI\\app\\Http\\Controllers\\ApiController\\OrderController.php(207): Illuminate\\Support\\Facades\\Facade::__callStatic('select', Array)
#5 [internal function]: App\\Http\\Controllers\\ApiController\\OrderController->GetAllOrderGSTList('63')
#6 E:\\Backup\\04-May-2019\\POSAPI\\vendor\\laravel\\framework\\src\\Illuminate\\Routing\\Controller.php(54): call_user_func_array(Array, Array)
#7 E:\\Backup\\04-May-2019\\POSAPI\\vendor\\laravel\\framework\\src\\Illuminate\\Routing\\ControllerDispatcher.php(45): Illuminate\\Routing\\Controller->callAction('GetAllOrderGSTL...', Array)
#8 E:\\Backup\\04-May-2019\\POSAPI\\vendor\\laravel\\framework\\src\\Illuminate\\Routing\\Route.php(219): Illuminate\\Routing\\ControllerDispatcher->dispatch(Object(Illuminate\\Routing\\Route), Object(App\\Http\\Controllers\\ApiController\\OrderController), 'GetAllOrderGSTL...')
#9 E:\\Backup\\04-May-2019\\POSAPI\\vendor\\laravel\\framework\\src\\Illuminate\\Routing\\Route.php(176): Illuminate\\Routing\\Route->runController()
#10 E:\\Backup\\04-May-2019\\POSAPI\\vendor\\laravel\\framework\\src\\Illuminate\\Routing\\Router.php(680): Illuminate\\Routing\\Route->run()
#11 E:\\Backup\\04-May-2019\\POSAPI\\vendor\\laravel\\framework\\src\\Illuminate\\Routing\\Pipeline.php(30): Illuminate\\Routing\\Router->Illuminate\\Routing\\{closure}(Object(Illuminate\\Http\\Request))
#12 E:\\Backup\\04-May-2019\\POSAPI\\vendor\\laravel\\framework\\src\\Illuminate\\Pipeline\\Pipeline.php(104): Illuminate\\Routing\\Pipeline->Illuminate\\Routing\\{closure}(Object(Illuminate\\Http\\Request))
#13 E:\\Backup\\04-May-2019\\POSAPI\\vendor\\laravel\\framework\\src\\Illuminate\\Routing\\Router.php(682): Illuminate\\Pipeline\\Pipeline->then(Object(Closure))
#14 E:\\Backup\\04-May-2019\\POSAPI\\vendor\\laravel\\framework\\src\\Illuminate\\Routing\\Router.php(657): Illuminate\\Routing\\Router->runRouteWithinStack(Object(Illuminate\\Routing\\Route), Object(Illuminate\\Http\\Request))
#15 E:\\Backup\\04-May-2019\\POSAPI\\vendor\\laravel\\framework\\src\\Illuminate\\Routing\\Router.php(623): Illuminate\\Routing\\Router->runRoute(Object(Illuminate\\Http\\Request), Object(Illuminate\\Routing\\Route))
#16 E:\\Backup\\04-May-2019\\POSAPI\\vendor\\laravel\\framework\\src\\Illuminate\\Routing\\Router.php(612): Illuminate\\Routing\\Router->dispatchToRoute(Object(Illuminate\\Http\\Request))
#17 E:\\Backup\\04-May-2019\\POSAPI\\vendor\\laravel\\framework\\src\\Illuminate\\Foundation\\Http\\Kernel.php(176): Illuminate\\Routing\\Router->dispatch(Object(Illuminate\\Http\\Request))
#18 E:\\Backup\\04-May-2019\\POSAPI\\vendor\\laravel\\framework\\src\\Illuminate\\Routing\\Pipeline.php(30): Illuminate\\Foundation\\Http\\Kernel->Illuminate\\Foundation\\Http\\{closure}(Object(Illuminate\\Http\\Request))
#19 E:\\Backup\\04-May-2019\\POSAPI\\vendor\\spatie\\laravel-cors\\src\\Cors.php(41): Illuminate\\Routing\\Pipeline->Illuminate\\Routing\\{closure}(Object(Illuminate\\Http\\Request))
#20 E:\\Backup\\04-May-2019\\POSAPI\\vendor\\laravel\\framework\\src\\Illuminate\\Pipeline\\Pipeline.php(163): Spatie\\Cors\\Cors->handle(Object(Illuminate\\Http\\Request), Object(Closure))
#21 E:\\Backup\\04-May-2019\\POSAPI\\vendor\\laravel\\framework\\src\\Illuminate\\Routing\\Pipeline.php(53): Illuminate\\Pipeline\\Pipeline->Illuminate\\Pipeline\\{closure}(Object(Illuminate\\Http\\Request))
#22 E:\\Backup\\04-May-2019\\POSAPI\\vendor\\fideloper\\proxy\\src\\TrustProxies.php(57): Illuminate\\Routing\\Pipeline->Illuminate\\Routing\\{closure}(Object(Illuminate\\Http\\Request))
#23 E:\\Backup\\04-May-2019\\POSAPI\\vendor\\laravel\\framework\\src\\Illuminate\\Pipeline\\Pipeline.php(163): Fideloper\\Proxy\\TrustProxies->handle(Object(Illuminate\\Http\\Request), Object(Closure))
#24 E:\\Backup\\04-May-2019\\POSAPI\\vendor\\laravel\\framework\\src\\Illuminate\\Routing\\Pipeline.php(53): Illuminate\\Pipeline\\Pipeline->Illuminate\\Pipeline\\{closure}(Object(Illuminate\\Http\\Request))
#25 E:\\Backup\\04-May-2019\\POSAPI\\vendor\\laravel\\framework\\src\\Illuminate\\Foundation\\Http\\Middleware\\TransformsRequest.php(21): Illuminate\\Routing\\Pipeline->Illuminate\\Routing\\{closure}(Object(Illuminate\\Http\\Request))
#26 E:\\Backup\\04-May-2019\\POSAPI\\vendor\\laravel\\framework\\src\\Illuminate\\Pipeline\\Pipeline.php(163): Illuminate\\Foundation\\Http\\Middleware\\TransformsRequest->handle(Object(Illuminate\\Http\\Request), Object(Closure))
#27 E:\\Backup\\04-May-2019\\POSAPI\\vendor\\laravel\\framework\\src\\Illuminate\\Routing\\Pipeline.php(53): Illuminate\\Pipeline\\Pipeline->Illuminate\\Pipeline\\{closure}(Object(Illuminate\\Http\\Request))
#28 E:\\Backup\\04-May-2019\\POSAPI\\vendor\\laravel\\framework\\src\\Illuminate\\Foundation\\Http\\Middleware\\TransformsRequest.php(21): Illuminate\\Routing\\Pipeline->Illuminate\\Routing\\{closure}(Object(Illuminate\\Http\\Request))
#29 E:\\Backup\\04-May-2019\\POSAPI\\vendor\\laravel\\framework\\src\\Illuminate\\Pipeline\\Pipeline.php(163): Illuminate\\Foundation\\Http\\Middleware\\TransformsRequest->handle(Object(Illuminate\\Http\\Request), Object(Closure))
#30 E:\\Backup\\04-May-2019\\POSAPI\\vendor\\laravel\\framework\\src\\Illuminate\\Routing\\Pipeline.php(53): Illuminate\\Pipeline\\Pipeline->Illuminate\\Pipeline\\{closure}(Object(Illuminate\\Http\\Request))
#31 E:\\Backup\\04-May-2019\\POSAPI\\vendor\\laravel\\framework\\src\\Illuminate\\Foundation\\Http\\Middleware\\ValidatePostSize.php(27): Illuminate\\Routing\\Pipeline->Illuminate\\Routing\\{closure}(Object(Illuminate\\Http\\Request))
#32 E:\\Backup\\04-May-2019\\POSAPI\\vendor\\laravel\\framework\\src\\Illuminate\\Pipeline\\Pipeline.php(163): Illuminate\\Foundation\\Http\\Middleware\\ValidatePostSize->handle(Object(Illuminate\\Http\\Request), Object(Closure))
#33 E:\\Backup\\04-May-2019\\POSAPI\\vendor\\laravel\\framework\\src\\Illuminate\\Routing\\Pipeline.php(53): Illuminate\\Pipeline\\Pipeline->Illuminate\\Pipeline\\{closure}(Object(Illuminate\\Http\\Request))
#34 E:\\Backup\\04-May-2019\\POSAPI\\vendor\\laravel\\framework\\src\\Illuminate\\Foundation\\Http\\Middleware\\CheckForMaintenanceMode.php(62): Illuminate\\Routing\\Pipeline->Illuminate\\Routing\\{closure}(Object(Illuminate\\Http\\Request))
#35 E:\\Backup\\04-May-2019\\POSAPI\\vendor\\laravel\\framework\\src\\Illuminate\\Pipeline\\Pipeline.php(163): Illuminate\\Foundation\\Http\\Middleware\\CheckForMaintenanceMode->handle(Object(Illuminate\\Http\\Request), Object(Closure))
#36 E:\\Backup\\04-May-2019\\POSAPI\\vendor\\laravel\\framework\\src\\Illuminate\\Routing\\Pipeline.php(53): Illuminate\\Pipeline\\Pipeline->Illuminate\\Pipeline\\{closure}(Object(Illuminate\\Http\\Request))
#37 E:\\Backup\\04-May-2019\\POSAPI\\vendor\\laravel\\framework\\src\\Illuminate\\Pipeline\\Pipeline.php(104): Illuminate\\Routing\\Pipeline->Illuminate\\Routing\\{closure}(Object(Illuminate\\Http\\Request))
#38 E:\\Backup\\04-May-2019\\POSAPI\\vendor\\laravel\\framework\\src\\Illuminate\\Foundation\\Http\\Kernel.php(151): Illuminate\\Pipeline\\Pipeline->then(Object(Closure))
#39 E:\\Backup\\04-May-2019\\POSAPI\\vendor\\laravel\\framework\\src\\Illuminate\\Foundation\\Http\\Kernel.php(116): Illuminate\\Foundation\\Http\\Kernel->sendRequestThroughRouter(Object(Illuminate\\Http\\Request))
#40 E:\\Backup\\04-May-2019\\POSAPI\\public\\index.php(55): Illuminate\\Foundation\\Http\\Kernel->handle(Object(Illuminate\\Http\\Request))
#41 E:\\Backup\\04-May-2019\\POSAPI\\server.php(21): require_once('E:\\\\Backup\\\\04-Ma...')
#42 {main}
"} 
[2019-05-10 09:37:33] local.ERROR: SQLSTATE[42000]: Syntax error or access violation: 1055 'pos.ordertable.cgst_amount' isn't in GROUP BY (SQL: 
            SELECT
                producttable.hsnorsac as product_hsnorsac,
                SUM(ordertable.sub_total) as sub_total,
                (ordertable.cgst_percentage + ordertable.sgst_percentage) as gst_percentage,
                (ordertable.cgst_amount + ordertable.sgst_amount) as gst_amount,
                SUM(ordertable.cgst_amount) as cgst_amount,
                SUM(ordertable.cgst_percentage) as cgst_percentage,
                SUM(ordertable.sgst_amount) as sgst_amount,
                SUM(ordertable.sgst_percentage) as sgst_percentage,
                SUM(ordertable.igst_amount) AS igst_amount,
                SUM(ordertable.igst_percentage) AS igst_percentage
            FROM
                pos.`order` as ordertable
            INNER JOIN
                pos.`product` as producttable
            ON
                producttable.id = ordertable.product_id
            WHERE
                ordertable.order_no = '63'
            AND
                ordertable.gst_amount > 0
            GROUP BY
                ordertable.order_no,
                ordertable.cgst_percentage,
                ordertable.sgst_percentage,
                producttable.hsnorsac) {"exception":"[object] (Illuminate\\Database\\QueryException(code: 42000): SQLSTATE[42000]: Syntax error or access violation: 1055 'pos.ordertable.cgst_amount' isn't in GROUP BY (SQL: 
            SELECT
                producttable.hsnorsac as product_hsnorsac,
                SUM(ordertable.sub_total) as sub_total,
                (ordertable.cgst_percentage + ordertable.sgst_percentage) as gst_percentage,
                (ordertable.cgst_amount + ordertable.sgst_amount) as gst_amount,
                SUM(ordertable.cgst_amount) as cgst_amount,
                SUM(ordertable.cgst_percentage) as cgst_percentage,
                SUM(ordertable.sgst_amount) as sgst_amount,
                SUM(ordertable.sgst_percentage) as sgst_percentage,
                SUM(ordertable.igst_amount) AS igst_amount,
                SUM(ordertable.igst_percentage) AS igst_percentage
            FROM
                pos.`order` as ordertable
            INNER JOIN
                pos.`product` as producttable
            ON
                producttable.id = ordertable.product_id
            WHERE
                ordertable.order_no = '63'
            AND
                ordertable.gst_amount > 0
            GROUP BY
                ordertable.order_no,
                ordertable.cgst_percentage,
                ordertable.sgst_percentage,
                producttable.hsnorsac) at E:\\Backup\\04-May-2019\\POSAPI\\vendor\\laravel\\framework\\src\\Illuminate\\Database\\Connection.php:664, Doctrine\\DBAL\\Driver\\PDOException(code: 42000): SQLSTATE[42000]: Syntax error or access violation: 1055 'pos.ordertable.cgst_amount' isn't in GROUP BY at E:\\Backup\\04-May-2019\\POSAPI\\vendor\\doctrine\\dbal\\lib\\Doctrine\\DBAL\\Driver\\PDOConnection.php:63, PDOException(code: 42000): SQLSTATE[42000]: Syntax error or access violation: 1055 'pos.ordertable.cgst_amount' isn't in GROUP BY at E:\\Backup\\04-May-2019\\POSAPI\\vendor\\doctrine\\dbal\\lib\\Doctrine\\DBAL\\Driver\\PDOConnection.php:61)
[stacktrace]
#0 E:\\Backup\\04-May-2019\\POSAPI\\vendor\\laravel\\framework\\src\\Illuminate\\Database\\Connection.php(624): Illuminate\\Database\\Connection->runQueryCallback(Object(Illuminate\\Database\\Query\\Expression), Array, Object(Closure))
#1 E:\\Backup\\04-May-2019\\POSAPI\\vendor\\laravel\\framework\\src\\Illuminate\\Database\\Connection.php(333): Illuminate\\Database\\Connection->run(Object(Illuminate\\Database\\Query\\Expression), Array, Object(Closure))
#2 E:\\Backup\\04-May-2019\\POSAPI\\vendor\\laravel\\framework\\src\\Illuminate\\Database\\DatabaseManager.php(347): Illuminate\\Database\\Connection->select(Object(Illuminate\\Database\\Query\\Expression))
#3 E:\\Backup\\04-May-2019\\POSAPI\\vendor\\laravel\\framework\\src\\Illuminate\\Support\\Facades\\Facade.php(237): Illuminate\\Database\\DatabaseManager->__call('select', Array)
#4 E:\\Backup\\04-May-2019\\POSAPI\\app\\Http\\Controllers\\ApiController\\OrderController.php(207): Illuminate\\Support\\Facades\\Facade::__callStatic('select', Array)
#5 [internal function]: App\\Http\\Controllers\\ApiController\\OrderController->GetAllOrderGSTList('63')
#6 E:\\Backup\\04-May-2019\\POSAPI\\vendor\\laravel\\framework\\src\\Illuminate\\Routing\\Controller.php(54): call_user_func_array(Array, Array)
#7 E:\\Backup\\04-May-2019\\POSAPI\\vendor\\laravel\\framework\\src\\Illuminate\\Routing\\ControllerDispatcher.php(45): Illuminate\\Routing\\Controller->callAction('GetAllOrderGSTL...', Array)
#8 E:\\Backup\\04-May-2019\\POSAPI\\vendor\\laravel\\framework\\src\\Illuminate\\Routing\\Route.php(219): Illuminate\\Routing\\ControllerDispatcher->dispatch(Object(Illuminate\\Routing\\Route), Object(App\\Http\\Controllers\\ApiController\\OrderController), 'GetAllOrderGSTL...')
#9 E:\\Backup\\04-May-2019\\POSAPI\\vendor\\laravel\\framework\\src\\Illuminate\\Routing\\Route.php(176): Illuminate\\Routing\\Route->runController()
#10 E:\\Backup\\04-May-2019\\POSAPI\\vendor\\laravel\\framework\\src\\Illuminate\\Routing\\Router.php(680): Illuminate\\Routing\\Route->run()
#11 E:\\Backup\\04-May-2019\\POSAPI\\vendor\\laravel\\framework\\src\\Illuminate\\Routing\\Pipeline.php(30): Illuminate\\Routing\\Router->Illuminate\\Routing\\{closure}(Object(Illuminate\\Http\\Request))
#12 E:\\Backup\\04-May-2019\\POSAPI\\vendor\\laravel\\framework\\src\\Illuminate\\Pipeline\\Pipeline.php(104): Illuminate\\Routing\\Pipeline->Illuminate\\Routing\\{closure}(Object(Illuminate\\Http\\Request))
#13 E:\\Backup\\04-May-2019\\POSAPI\\vendor\\laravel\\framework\\src\\Illuminate\\Routing\\Router.php(682): Illuminate\\Pipeline\\Pipeline->then(Object(Closure))
#14 E:\\Backup\\04-May-2019\\POSAPI\\vendor\\laravel\\framework\\src\\Illuminate\\Routing\\Router.php(657): Illuminate\\Routing\\Router->runRouteWithinStack(Object(Illuminate\\Routing\\Route), Object(Illuminate\\Http\\Request))
#15 E:\\Backup\\04-May-2019\\POSAPI\\vendor\\laravel\\framework\\src\\Illuminate\\Routing\\Router.php(623): Illuminate\\Routing\\Router->runRoute(Object(Illuminate\\Http\\Request), Object(Illuminate\\Routing\\Route))
#16 E:\\Backup\\04-May-2019\\POSAPI\\vendor\\laravel\\framework\\src\\Illuminate\\Routing\\Router.php(612): Illuminate\\Routing\\Router->dispatchToRoute(Object(Illuminate\\Http\\Request))
#17 E:\\Backup\\04-May-2019\\POSAPI\\vendor\\laravel\\framework\\src\\Illuminate\\Foundation\\Http\\Kernel.php(176): Illuminate\\Routing\\Router->dispatch(Object(Illuminate\\Http\\Request))
#18 E:\\Backup\\04-May-2019\\POSAPI\\vendor\\laravel\\framework\\src\\Illuminate\\Routing\\Pipeline.php(30): Illuminate\\Foundation\\Http\\Kernel->Illuminate\\Foundation\\Http\\{closure}(Object(Illuminate\\Http\\Request))
#19 E:\\Backup\\04-May-2019\\POSAPI\\vendor\\spatie\\laravel-cors\\src\\Cors.php(41): Illuminate\\Routing\\Pipeline->Illuminate\\Routing\\{closure}(Object(Illuminate\\Http\\Request))
#20 E:\\Backup\\04-May-2019\\POSAPI\\vendor\\laravel\\framework\\src\\Illuminate\\Pipeline\\Pipeline.php(163): Spatie\\Cors\\Cors->handle(Object(Illuminate\\Http\\Request), Object(Closure))
#21 E:\\Backup\\04-May-2019\\POSAPI\\vendor\\laravel\\framework\\src\\Illuminate\\Routing\\Pipeline.php(53): Illuminate\\Pipeline\\Pipeline->Illuminate\\Pipeline\\{closure}(Object(Illuminate\\Http\\Request))
#22 E:\\Backup\\04-May-2019\\POSAPI\\vendor\\fideloper\\proxy\\src\\TrustProxies.php(57): Illuminate\\Routing\\Pipeline->Illuminate\\Routing\\{closure}(Object(Illuminate\\Http\\Request))
#23 E:\\Backup\\04-May-2019\\POSAPI\\vendor\\laravel\\framework\\src\\Illuminate\\Pipeline\\Pipeline.php(163): Fideloper\\Proxy\\TrustProxies->handle(Object(Illuminate\\Http\\Request), Object(Closure))
#24 E:\\Backup\\04-May-2019\\POSAPI\\vendor\\laravel\\framework\\src\\Illuminate\\Routing\\Pipeline.php(53): Illuminate\\Pipeline\\Pipeline->Illuminate\\Pipeline\\{closure}(Object(Illuminate\\Http\\Request))
#25 E:\\Backup\\04-May-2019\\POSAPI\\vendor\\laravel\\framework\\src\\Illuminate\\Foundation\\Http\\Middleware\\TransformsRequest.php(21): Illuminate\\Routing\\Pipeline->Illuminate\\Routing\\{closure}(Object(Illuminate\\Http\\Request))
#26 E:\\Backup\\04-May-2019\\POSAPI\\vendor\\laravel\\framework\\src\\Illuminate\\Pipeline\\Pipeline.php(163): Illuminate\\Foundation\\Http\\Middleware\\TransformsRequest->handle(Object(Illuminate\\Http\\Request), Object(Closure))
#27 E:\\Backup\\04-May-2019\\POSAPI\\vendor\\laravel\\framework\\src\\Illuminate\\Routing\\Pipeline.php(53): Illuminate\\Pipeline\\Pipeline->Illuminate\\Pipeline\\{closure}(Object(Illuminate\\Http\\Request))
#28 E:\\Backup\\04-May-2019\\POSAPI\\vendor\\laravel\\framework\\src\\Illuminate\\Foundation\\Http\\Middleware\\TransformsRequest.php(21): Illuminate\\Routing\\Pipeline->Illuminate\\Routing\\{closure}(Object(Illuminate\\Http\\Request))
#29 E:\\Backup\\04-May-2019\\POSAPI\\vendor\\laravel\\framework\\src\\Illuminate\\Pipeline\\Pipeline.php(163): Illuminate\\Foundation\\Http\\Middleware\\TransformsRequest->handle(Object(Illuminate\\Http\\Request), Object(Closure))
#30 E:\\Backup\\04-May-2019\\POSAPI\\vendor\\laravel\\framework\\src\\Illuminate\\Routing\\Pipeline.php(53): Illuminate\\Pipeline\\Pipeline->Illuminate\\Pipeline\\{closure}(Object(Illuminate\\Http\\Request))
#31 E:\\Backup\\04-May-2019\\POSAPI\\vendor\\laravel\\framework\\src\\Illuminate\\Foundation\\Http\\Middleware\\ValidatePostSize.php(27): Illuminate\\Routing\\Pipeline->Illuminate\\Routing\\{closure}(Object(Illuminate\\Http\\Request))
#32 E:\\Backup\\04-May-2019\\POSAPI\\vendor\\laravel\\framework\\src\\Illuminate\\Pipeline\\Pipeline.php(163): Illuminate\\Foundation\\Http\\Middleware\\ValidatePostSize->handle(Object(Illuminate\\Http\\Request), Object(Closure))
#33 E:\\Backup\\04-May-2019\\POSAPI\\vendor\\laravel\\framework\\src\\Illuminate\\Routing\\Pipeline.php(53): Illuminate\\Pipeline\\Pipeline->Illuminate\\Pipeline\\{closure}(Object(Illuminate\\Http\\Request))
#34 E:\\Backup\\04-May-2019\\POSAPI\\vendor\\laravel\\framework\\src\\Illuminate\\Foundation\\Http\\Middleware\\CheckForMaintenanceMode.php(62): Illuminate\\Routing\\Pipeline->Illuminate\\Routing\\{closure}(Object(Illuminate\\Http\\Request))
#35 E:\\Backup\\04-May-2019\\POSAPI\\vendor\\laravel\\framework\\src\\Illuminate\\Pipeline\\Pipeline.php(163): Illuminate\\Foundation\\Http\\Middleware\\CheckForMaintenanceMode->handle(Object(Illuminate\\Http\\Request), Object(Closure))
#36 E:\\Backup\\04-May-2019\\POSAPI\\vendor\\laravel\\framework\\src\\Illuminate\\Routing\\Pipeline.php(53): Illuminate\\Pipeline\\Pipeline->Illuminate\\Pipeline\\{closure}(Object(Illuminate\\Http\\Request))
#37 E:\\Backup\\04-May-2019\\POSAPI\\vendor\\laravel\\framework\\src\\Illuminate\\Pipeline\\Pipeline.php(104): Illuminate\\Routing\\Pipeline->Illuminate\\Routing\\{closure}(Object(Illuminate\\Http\\Request))
#38 E:\\Backup\\04-May-2019\\POSAPI\\vendor\\laravel\\framework\\src\\Illuminate\\Foundation\\Http\\Kernel.php(151): Illuminate\\Pipeline\\Pipeline->then(Object(Closure))
#39 E:\\Backup\\04-May-2019\\POSAPI\\vendor\\laravel\\framework\\src\\Illuminate\\Foundation\\Http\\Kernel.php(116): Illuminate\\Foundation\\Http\\Kernel->sendRequestThroughRouter(Object(Illuminate\\Http\\Request))
#40 E:\\Backup\\04-May-2019\\POSAPI\\public\\index.php(55): Illuminate\\Foundation\\Http\\Kernel->handle(Object(Illuminate\\Http\\Request))
#41 E:\\Backup\\04-May-2019\\POSAPI\\server.php(21): require_once('E:\\\\Backup\\\\04-Ma...')
#42 {main}
"} 
[2019-05-10 09:38:31] local.ERROR: SQLSTATE[42000]: Syntax error or access violation: 1055 'pos.ordertable.cgst_amount' isn't in GROUP BY (SQL: 
            SELECT
                producttable.hsnorsac as product_hsnorsac,
                SUM(ordertable.sub_total) as sub_total,
                (ordertable.cgst_percentage + ordertable.sgst_percentage) as gst_percentage,
                (ordertable.cgst_amount + ordertable.sgst_amount) as gst_amount,
                SUM(ordertable.cgst_amount) as cgst_amount,
                SUM(ordertable.cgst_percentage) as cgst_percentage,
                SUM(ordertable.sgst_amount) as sgst_amount,
                SUM(ordertable.sgst_percentage) as sgst_percentage,
                SUM(ordertable.igst_amount) AS igst_amount,
                SUM(ordertable.igst_percentage) AS igst_percentage
            FROM
                pos.`order` as ordertable
            INNER JOIN
                pos.`product` as producttable
            ON
                producttable.id = ordertable.product_id
            WHERE
                ordertable.order_no = '63'
            AND
                ordertable.gst_amount > 0
            GROUP BY
                ordertable.order_no,
                ordertable.cgst_percentage,
                ordertable.sgst_percentage,
                producttable.hsnorsac) {"exception":"[object] (Illuminate\\Database\\QueryException(code: 42000): SQLSTATE[42000]: Syntax error or access violation: 1055 'pos.ordertable.cgst_amount' isn't in GROUP BY (SQL: 
            SELECT
                producttable.hsnorsac as product_hsnorsac,
                SUM(ordertable.sub_total) as sub_total,
                (ordertable.cgst_percentage + ordertable.sgst_percentage) as gst_percentage,
                (ordertable.cgst_amount + ordertable.sgst_amount) as gst_amount,
                SUM(ordertable.cgst_amount) as cgst_amount,
                SUM(ordertable.cgst_percentage) as cgst_percentage,
                SUM(ordertable.sgst_amount) as sgst_amount,
                SUM(ordertable.sgst_percentage) as sgst_percentage,
                SUM(ordertable.igst_amount) AS igst_amount,
                SUM(ordertable.igst_percentage) AS igst_percentage
            FROM
                pos.`order` as ordertable
            INNER JOIN
                pos.`product` as producttable
            ON
                producttable.id = ordertable.product_id
            WHERE
                ordertable.order_no = '63'
            AND
                ordertable.gst_amount > 0
            GROUP BY
                ordertable.order_no,
                ordertable.cgst_percentage,
                ordertable.sgst_percentage,
                producttable.hsnorsac) at E:\\Backup\\04-May-2019\\POSAPI\\vendor\\laravel\\framework\\src\\Illuminate\\Database\\Connection.php:664, Doctrine\\DBAL\\Driver\\PDOException(code: 42000): SQLSTATE[42000]: Syntax error or access violation: 1055 'pos.ordertable.cgst_amount' isn't in GROUP BY at E:\\Backup\\04-May-2019\\POSAPI\\vendor\\doctrine\\dbal\\lib\\Doctrine\\DBAL\\Driver\\PDOConnection.php:63, PDOException(code: 42000): SQLSTATE[42000]: Syntax error or access violation: 1055 'pos.ordertable.cgst_amount' isn't in GROUP BY at E:\\Backup\\04-May-2019\\POSAPI\\vendor\\doctrine\\dbal\\lib\\Doctrine\\DBAL\\Driver\\PDOConnection.php:61)
[stacktrace]
#0 E:\\Backup\\04-May-2019\\POSAPI\\vendor\\laravel\\framework\\src\\Illuminate\\Database\\Connection.php(624): Illuminate\\Database\\Connection->runQueryCallback(Object(Illuminate\\Database\\Query\\Expression), Array, Object(Closure))
#1 E:\\Backup\\04-May-2019\\POSAPI\\vendor\\laravel\\framework\\src\\Illuminate\\Database\\Connection.php(333): Illuminate\\Database\\Connection->run(Object(Illuminate\\Database\\Query\\Expression), Array, Object(Closure))
#2 E:\\Backup\\04-May-2019\\POSAPI\\vendor\\laravel\\framework\\src\\Illuminate\\Database\\DatabaseManager.php(347): Illuminate\\Database\\Connection->select(Object(Illuminate\\Database\\Query\\Expression))
#3 E:\\Backup\\04-May-2019\\POSAPI\\vendor\\laravel\\framework\\src\\Illuminate\\Support\\Facades\\Facade.php(237): Illuminate\\Database\\DatabaseManager->__call('select', Array)
#4 E:\\Backup\\04-May-2019\\POSAPI\\app\\Http\\Controllers\\ApiController\\OrderController.php(207): Illuminate\\Support\\Facades\\Facade::__callStatic('select', Array)
#5 [internal function]: App\\Http\\Controllers\\ApiController\\OrderController->GetAllOrderGSTList('63')
#6 E:\\Backup\\04-May-2019\\POSAPI\\vendor\\laravel\\framework\\src\\Illuminate\\Routing\\Controller.php(54): call_user_func_array(Array, Array)
#7 E:\\Backup\\04-May-2019\\POSAPI\\vendor\\laravel\\framework\\src\\Illuminate\\Routing\\ControllerDispatcher.php(45): Illuminate\\Routing\\Controller->callAction('GetAllOrderGSTL...', Array)
#8 E:\\Backup\\04-May-2019\\POSAPI\\vendor\\laravel\\framework\\src\\Illuminate\\Routing\\Route.php(219): Illuminate\\Routing\\ControllerDispatcher->dispatch(Object(Illuminate\\Routing\\Route), Object(App\\Http\\Controllers\\ApiController\\OrderController), 'GetAllOrderGSTL...')
#9 E:\\Backup\\04-May-2019\\POSAPI\\vendor\\laravel\\framework\\src\\Illuminate\\Routing\\Route.php(176): Illuminate\\Routing\\Route->runController()
#10 E:\\Backup\\04-May-2019\\POSAPI\\vendor\\laravel\\framework\\src\\Illuminate\\Routing\\Router.php(680): Illuminate\\Routing\\Route->run()
#11 E:\\Backup\\04-May-2019\\POSAPI\\vendor\\laravel\\framework\\src\\Illuminate\\Routing\\Pipeline.php(30): Illuminate\\Routing\\Router->Illuminate\\Routing\\{closure}(Object(Illuminate\\Http\\Request))
#12 E:\\Backup\\04-May-2019\\POSAPI\\vendor\\laravel\\framework\\src\\Illuminate\\Pipeline\\Pipeline.php(104): Illuminate\\Routing\\Pipeline->Illuminate\\Routing\\{closure}(Object(Illuminate\\Http\\Request))
#13 E:\\Backup\\04-May-2019\\POSAPI\\vendor\\laravel\\framework\\src\\Illuminate\\Routing\\Router.php(682): Illuminate\\Pipeline\\Pipeline->then(Object(Closure))
#14 E:\\Backup\\04-May-2019\\POSAPI\\vendor\\laravel\\framework\\src\\Illuminate\\Routing\\Router.php(657): Illuminate\\Routing\\Router->runRouteWithinStack(Object(Illuminate\\Routing\\Route), Object(Illuminate\\Http\\Request))
#15 E:\\Backup\\04-May-2019\\POSAPI\\vendor\\laravel\\framework\\src\\Illuminate\\Routing\\Router.php(623): Illuminate\\Routing\\Router->runRoute(Object(Illuminate\\Http\\Request), Object(Illuminate\\Routing\\Route))
#16 E:\\Backup\\04-May-2019\\POSAPI\\vendor\\laravel\\framework\\src\\Illuminate\\Routing\\Router.php(612): Illuminate\\Routing\\Router->dispatchToRoute(Object(Illuminate\\Http\\Request))
#17 E:\\Backup\\04-May-2019\\POSAPI\\vendor\\laravel\\framework\\src\\Illuminate\\Foundation\\Http\\Kernel.php(176): Illuminate\\Routing\\Router->dispatch(Object(Illuminate\\Http\\Request))
#18 E:\\Backup\\04-May-2019\\POSAPI\\vendor\\laravel\\framework\\src\\Illuminate\\Routing\\Pipeline.php(30): Illuminate\\Foundation\\Http\\Kernel->Illuminate\\Foundation\\Http\\{closure}(Object(Illuminate\\Http\\Request))
#19 E:\\Backup\\04-May-2019\\POSAPI\\vendor\\spatie\\laravel-cors\\src\\Cors.php(41): Illuminate\\Routing\\Pipeline->Illuminate\\Routing\\{closure}(Object(Illuminate\\Http\\Request))
#20 E:\\Backup\\04-May-2019\\POSAPI\\vendor\\laravel\\framework\\src\\Illuminate\\Pipeline\\Pipeline.php(163): Spatie\\Cors\\Cors->handle(Object(Illuminate\\Http\\Request), Object(Closure))
#21 E:\\Backup\\04-May-2019\\POSAPI\\vendor\\laravel\\framework\\src\\Illuminate\\Routing\\Pipeline.php(53): Illuminate\\Pipeline\\Pipeline->Illuminate\\Pipeline\\{closure}(Object(Illuminate\\Http\\Request))
#22 E:\\Backup\\04-May-2019\\POSAPI\\vendor\\fideloper\\proxy\\src\\TrustProxies.php(57): Illuminate\\Routing\\Pipeline->Illuminate\\Routing\\{closure}(Object(Illuminate\\Http\\Request))
#23 E:\\Backup\\04-May-2019\\POSAPI\\vendor\\laravel\\framework\\src\\Illuminate\\Pipeline\\Pipeline.php(163): Fideloper\\Proxy\\TrustProxies->handle(Object(Illuminate\\Http\\Request), Object(Closure))
#24 E:\\Backup\\04-May-2019\\POSAPI\\vendor\\laravel\\framework\\src\\Illuminate\\Routing\\Pipeline.php(53): Illuminate\\Pipeline\\Pipeline->Illuminate\\Pipeline\\{closure}(Object(Illuminate\\Http\\Request))
#25 E:\\Backup\\04-May-2019\\POSAPI\\vendor\\laravel\\framework\\src\\Illuminate\\Foundation\\Http\\Middleware\\TransformsRequest.php(21): Illuminate\\Routing\\Pipeline->Illuminate\\Routing\\{closure}(Object(Illuminate\\Http\\Request))
#26 E:\\Backup\\04-May-2019\\POSAPI\\vendor\\laravel\\framework\\src\\Illuminate\\Pipeline\\Pipeline.php(163): Illuminate\\Foundation\\Http\\Middleware\\TransformsRequest->handle(Object(Illuminate\\Http\\Request), Object(Closure))
#27 E:\\Backup\\04-May-2019\\POSAPI\\vendor\\laravel\\framework\\src\\Illuminate\\Routing\\Pipeline.php(53): Illuminate\\Pipeline\\Pipeline->Illuminate\\Pipeline\\{closure}(Object(Illuminate\\Http\\Request))
#28 E:\\Backup\\04-May-2019\\POSAPI\\vendor\\laravel\\framework\\src\\Illuminate\\Foundation\\Http\\Middleware\\TransformsRequest.php(21): Illuminate\\Routing\\Pipeline->Illuminate\\Routing\\{closure}(Object(Illuminate\\Http\\Request))
#29 E:\\Backup\\04-May-2019\\POSAPI\\vendor\\laravel\\framework\\src\\Illuminate\\Pipeline\\Pipeline.php(163): Illuminate\\Foundation\\Http\\Middleware\\TransformsRequest->handle(Object(Illuminate\\Http\\Request), Object(Closure))
#30 E:\\Backup\\04-May-2019\\POSAPI\\vendor\\laravel\\framework\\src\\Illuminate\\Routing\\Pipeline.php(53): Illuminate\\Pipeline\\Pipeline->Illuminate\\Pipeline\\{closure}(Object(Illuminate\\Http\\Request))
#31 E:\\Backup\\04-May-2019\\POSAPI\\vendor\\laravel\\framework\\src\\Illuminate\\Foundation\\Http\\Middleware\\ValidatePostSize.php(27): Illuminate\\Routing\\Pipeline->Illuminate\\Routing\\{closure}(Object(Illuminate\\Http\\Request))
#32 E:\\Backup\\04-May-2019\\POSAPI\\vendor\\laravel\\framework\\src\\Illuminate\\Pipeline\\Pipeline.php(163): Illuminate\\Foundation\\Http\\Middleware\\ValidatePostSize->handle(Object(Illuminate\\Http\\Request), Object(Closure))
#33 E:\\Backup\\04-May-2019\\POSAPI\\vendor\\laravel\\framework\\src\\Illuminate\\Routing\\Pipeline.php(53): Illuminate\\Pipeline\\Pipeline->Illuminate\\Pipeline\\{closure}(Object(Illuminate\\Http\\Request))
#34 E:\\Backup\\04-May-2019\\POSAPI\\vendor\\laravel\\framework\\src\\Illuminate\\Foundation\\Http\\Middleware\\CheckForMaintenanceMode.php(62): Illuminate\\Routing\\Pipeline->Illuminate\\Routing\\{closure}(Object(Illuminate\\Http\\Request))
#35 E:\\Backup\\04-May-2019\\POSAPI\\vendor\\laravel\\framework\\src\\Illuminate\\Pipeline\\Pipeline.php(163): Illuminate\\Foundation\\Http\\Middleware\\CheckForMaintenanceMode->handle(Object(Illuminate\\Http\\Request), Object(Closure))
#36 E:\\Backup\\04-May-2019\\POSAPI\\vendor\\laravel\\framework\\src\\Illuminate\\Routing\\Pipeline.php(53): Illuminate\\Pipeline\\Pipeline->Illuminate\\Pipeline\\{closure}(Object(Illuminate\\Http\\Request))
#37 E:\\Backup\\04-May-2019\\POSAPI\\vendor\\laravel\\framework\\src\\Illuminate\\Pipeline\\Pipeline.php(104): Illuminate\\Routing\\Pipeline->Illuminate\\Routing\\{closure}(Object(Illuminate\\Http\\Request))
#38 E:\\Backup\\04-May-2019\\POSAPI\\vendor\\laravel\\framework\\src\\Illuminate\\Foundation\\Http\\Kernel.php(151): Illuminate\\Pipeline\\Pipeline->then(Object(Closure))
#39 E:\\Backup\\04-May-2019\\POSAPI\\vendor\\laravel\\framework\\src\\Illuminate\\Foundation\\Http\\Kernel.php(116): Illuminate\\Foundation\\Http\\Kernel->sendRequestThroughRouter(Object(Illuminate\\Http\\Request))
#40 E:\\Backup\\04-May-2019\\POSAPI\\public\\index.php(55): Illuminate\\Foundation\\Http\\Kernel->handle(Object(Illuminate\\Http\\Request))
#41 E:\\Backup\\04-May-2019\\POSAPI\\server.php(21): require_once('E:\\\\Backup\\\\04-Ma...')
#42 {main}
"} 
[2019-05-10 09:39:14] local.ERROR: SQLSTATE[42000]: Syntax error or access violation: 1055 'pos.ordertable.cgst_amount' isn't in GROUP BY (SQL: 
            SELECT
                producttable.hsnorsac as product_hsnorsac,
                SUM(ordertable.sub_total) as sub_total,
                (ordertable.cgst_percentage + ordertable.sgst_percentage) as gst_percentage,
                (ordertable.cgst_amount + ordertable.sgst_amount) as gst_amount,
                SUM(ordertable.cgst_amount) as cgst_amount,
                SUM(ordertable.cgst_percentage) as cgst_percentage,
                SUM(ordertable.sgst_amount) as sgst_amount,
                SUM(ordertable.sgst_percentage) as sgst_percentage,
                SUM(ordertable.igst_amount) AS igst_amount,
                SUM(ordertable.igst_percentage) AS igst_percentage
            FROM
                pos.`order` as ordertable
            INNER JOIN
                pos.`product` as producttable
            ON
                producttable.id = ordertable.product_id
            WHERE
                ordertable.order_no = '63'
            AND
                ordertable.gst_amount > 0
            GROUP BY
                ordertable.order_no,
                ordertable.cgst_percentage,
                ordertable.sgst_percentage,
                producttable.hsnorsac) {"exception":"[object] (Illuminate\\Database\\QueryException(code: 42000): SQLSTATE[42000]: Syntax error or access violation: 1055 'pos.ordertable.cgst_amount' isn't in GROUP BY (SQL: 
            SELECT
                producttable.hsnorsac as product_hsnorsac,
                SUM(ordertable.sub_total) as sub_total,
                (ordertable.cgst_percentage + ordertable.sgst_percentage) as gst_percentage,
                (ordertable.cgst_amount + ordertable.sgst_amount) as gst_amount,
                SUM(ordertable.cgst_amount) as cgst_amount,
                SUM(ordertable.cgst_percentage) as cgst_percentage,
                SUM(ordertable.sgst_amount) as sgst_amount,
                SUM(ordertable.sgst_percentage) as sgst_percentage,
                SUM(ordertable.igst_amount) AS igst_amount,
                SUM(ordertable.igst_percentage) AS igst_percentage
            FROM
                pos.`order` as ordertable
            INNER JOIN
                pos.`product` as producttable
            ON
                producttable.id = ordertable.product_id
            WHERE
                ordertable.order_no = '63'
            AND
                ordertable.gst_amount > 0
            GROUP BY
                ordertable.order_no,
                ordertable.cgst_percentage,
                ordertable.sgst_percentage,
                producttable.hsnorsac) at E:\\Backup\\04-May-2019\\POSAPI\\vendor\\laravel\\framework\\src\\Illuminate\\Database\\Connection.php:664, Doctrine\\DBAL\\Driver\\PDOException(code: 42000): SQLSTATE[42000]: Syntax error or access violation: 1055 'pos.ordertable.cgst_amount' isn't in GROUP BY at E:\\Backup\\04-May-2019\\POSAPI\\vendor\\doctrine\\dbal\\lib\\Doctrine\\DBAL\\Driver\\PDOConnection.php:63, PDOException(code: 42000): SQLSTATE[42000]: Syntax error or access violation: 1055 'pos.ordertable.cgst_amount' isn't in GROUP BY at E:\\Backup\\04-May-2019\\POSAPI\\vendor\\doctrine\\dbal\\lib\\Doctrine\\DBAL\\Driver\\PDOConnection.php:61)
[stacktrace]
#0 E:\\Backup\\04-May-2019\\POSAPI\\vendor\\laravel\\framework\\src\\Illuminate\\Database\\Connection.php(624): Illuminate\\Database\\Connection->runQueryCallback(Object(Illuminate\\Database\\Query\\Expression), Array, Object(Closure))
#1 E:\\Backup\\04-May-2019\\POSAPI\\vendor\\laravel\\framework\\src\\Illuminate\\Database\\Connection.php(333): Illuminate\\Database\\Connection->run(Object(Illuminate\\Database\\Query\\Expression), Array, Object(Closure))
#2 E:\\Backup\\04-May-2019\\POSAPI\\vendor\\laravel\\framework\\src\\Illuminate\\Database\\DatabaseManager.php(347): Illuminate\\Database\\Connection->select(Object(Illuminate\\Database\\Query\\Expression))
#3 E:\\Backup\\04-May-2019\\POSAPI\\vendor\\laravel\\framework\\src\\Illuminate\\Support\\Facades\\Facade.php(237): Illuminate\\Database\\DatabaseManager->__call('select', Array)
#4 E:\\Backup\\04-May-2019\\POSAPI\\app\\Http\\Controllers\\ApiController\\OrderController.php(207): Illuminate\\Support\\Facades\\Facade::__callStatic('select', Array)
#5 [internal function]: App\\Http\\Controllers\\ApiController\\OrderController->GetAllOrderGSTList('63')
#6 E:\\Backup\\04-May-2019\\POSAPI\\vendor\\laravel\\framework\\src\\Illuminate\\Routing\\Controller.php(54): call_user_func_array(Array, Array)
#7 E:\\Backup\\04-May-2019\\POSAPI\\vendor\\laravel\\framework\\src\\Illuminate\\Routing\\ControllerDispatcher.php(45): Illuminate\\Routing\\Controller->callAction('GetAllOrderGSTL...', Array)
#8 E:\\Backup\\04-May-2019\\POSAPI\\vendor\\laravel\\framework\\src\\Illuminate\\Routing\\Route.php(219): Illuminate\\Routing\\ControllerDispatcher->dispatch(Object(Illuminate\\Routing\\Route), Object(App\\Http\\Controllers\\ApiController\\OrderController), 'GetAllOrderGSTL...')
#9 E:\\Backup\\04-May-2019\\POSAPI\\vendor\\laravel\\framework\\src\\Illuminate\\Routing\\Route.php(176): Illuminate\\Routing\\Route->runController()
#10 E:\\Backup\\04-May-2019\\POSAPI\\vendor\\laravel\\framework\\src\\Illuminate\\Routing\\Router.php(680): Illuminate\\Routing\\Route->run()
#11 E:\\Backup\\04-May-2019\\POSAPI\\vendor\\laravel\\framework\\src\\Illuminate\\Routing\\Pipeline.php(30): Illuminate\\Routing\\Router->Illuminate\\Routing\\{closure}(Object(Illuminate\\Http\\Request))
#12 E:\\Backup\\04-May-2019\\POSAPI\\vendor\\laravel\\framework\\src\\Illuminate\\Pipeline\\Pipeline.php(104): Illuminate\\Routing\\Pipeline->Illuminate\\Routing\\{closure}(Object(Illuminate\\Http\\Request))
#13 E:\\Backup\\04-May-2019\\POSAPI\\vendor\\laravel\\framework\\src\\Illuminate\\Routing\\Router.php(682): Illuminate\\Pipeline\\Pipeline->then(Object(Closure))
#14 E:\\Backup\\04-May-2019\\POSAPI\\vendor\\laravel\\framework\\src\\Illuminate\\Routing\\Router.php(657): Illuminate\\Routing\\Router->runRouteWithinStack(Object(Illuminate\\Routing\\Route), Object(Illuminate\\Http\\Request))
#15 E:\\Backup\\04-May-2019\\POSAPI\\vendor\\laravel\\framework\\src\\Illuminate\\Routing\\Router.php(623): Illuminate\\Routing\\Router->runRoute(Object(Illuminate\\Http\\Request), Object(Illuminate\\Routing\\Route))
#16 E:\\Backup\\04-May-2019\\POSAPI\\vendor\\laravel\\framework\\src\\Illuminate\\Routing\\Router.php(612): Illuminate\\Routing\\Router->dispatchToRoute(Object(Illuminate\\Http\\Request))
#17 E:\\Backup\\04-May-2019\\POSAPI\\vendor\\laravel\\framework\\src\\Illuminate\\Foundation\\Http\\Kernel.php(176): Illuminate\\Routing\\Router->dispatch(Object(Illuminate\\Http\\Request))
#18 E:\\Backup\\04-May-2019\\POSAPI\\vendor\\laravel\\framework\\src\\Illuminate\\Routing\\Pipeline.php(30): Illuminate\\Foundation\\Http\\Kernel->Illuminate\\Foundation\\Http\\{closure}(Object(Illuminate\\Http\\Request))
#19 E:\\Backup\\04-May-2019\\POSAPI\\vendor\\spatie\\laravel-cors\\src\\Cors.php(28): Illuminate\\Routing\\Pipeline->Illuminate\\Routing\\{closure}(Object(Illuminate\\Http\\Request))
#20 E:\\Backup\\04-May-2019\\POSAPI\\vendor\\laravel\\framework\\src\\Illuminate\\Pipeline\\Pipeline.php(163): Spatie\\Cors\\Cors->handle(Object(Illuminate\\Http\\Request), Object(Closure))
#21 E:\\Backup\\04-May-2019\\POSAPI\\vendor\\laravel\\framework\\src\\Illuminate\\Routing\\Pipeline.php(53): Illuminate\\Pipeline\\Pipeline->Illuminate\\Pipeline\\{closure}(Object(Illuminate\\Http\\Request))
#22 E:\\Backup\\04-May-2019\\POSAPI\\vendor\\fideloper\\proxy\\src\\TrustProxies.php(57): Illuminate\\Routing\\Pipeline->Illuminate\\Routing\\{closure}(Object(Illuminate\\Http\\Request))
#23 E:\\Backup\\04-May-2019\\POSAPI\\vendor\\laravel\\framework\\src\\Illuminate\\Pipeline\\Pipeline.php(163): Fideloper\\Proxy\\TrustProxies->handle(Object(Illuminate\\Http\\Request), Object(Closure))
#24 E:\\Backup\\04-May-2019\\POSAPI\\vendor\\laravel\\framework\\src\\Illuminate\\Routing\\Pipeline.php(53): Illuminate\\Pipeline\\Pipeline->Illuminate\\Pipeline\\{closure}(Object(Illuminate\\Http\\Request))
#25 E:\\Backup\\04-May-2019\\POSAPI\\vendor\\laravel\\framework\\src\\Illuminate\\Foundation\\Http\\Middleware\\TransformsRequest.php(21): Illuminate\\Routing\\Pipeline->Illuminate\\Routing\\{closure}(Object(Illuminate\\Http\\Request))
#26 E:\\Backup\\04-May-2019\\POSAPI\\vendor\\laravel\\framework\\src\\Illuminate\\Pipeline\\Pipeline.php(163): Illuminate\\Foundation\\Http\\Middleware\\TransformsRequest->handle(Object(Illuminate\\Http\\Request), Object(Closure))
#27 E:\\Backup\\04-May-2019\\POSAPI\\vendor\\laravel\\framework\\src\\Illuminate\\Routing\\Pipeline.php(53): Illuminate\\Pipeline\\Pipeline->Illuminate\\Pipeline\\{closure}(Object(Illuminate\\Http\\Request))
#28 E:\\Backup\\04-May-2019\\POSAPI\\vendor\\laravel\\framework\\src\\Illuminate\\Foundation\\Http\\Middleware\\TransformsRequest.php(21): Illuminate\\Routing\\Pipeline->Illuminate\\Routing\\{closure}(Object(Illuminate\\Http\\Request))
#29 E:\\Backup\\04-May-2019\\POSAPI\\vendor\\laravel\\framework\\src\\Illuminate\\Pipeline\\Pipeline.php(163): Illuminate\\Foundation\\Http\\Middleware\\TransformsRequest->handle(Object(Illuminate\\Http\\Request), Object(Closure))
#30 E:\\Backup\\04-May-2019\\POSAPI\\vendor\\laravel\\framework\\src\\Illuminate\\Routing\\Pipeline.php(53): Illuminate\\Pipeline\\Pipeline->Illuminate\\Pipeline\\{closure}(Object(Illuminate\\Http\\Request))
#31 E:\\Backup\\04-May-2019\\POSAPI\\vendor\\laravel\\framework\\src\\Illuminate\\Foundation\\Http\\Middleware\\ValidatePostSize.php(27): Illuminate\\Routing\\Pipeline->Illuminate\\Routing\\{closure}(Object(Illuminate\\Http\\Request))
#32 E:\\Backup\\04-May-2019\\POSAPI\\vendor\\laravel\\framework\\src\\Illuminate\\Pipeline\\Pipeline.php(163): Illuminate\\Foundation\\Http\\Middleware\\ValidatePostSize->handle(Object(Illuminate\\Http\\Request), Object(Closure))
#33 E:\\Backup\\04-May-2019\\POSAPI\\vendor\\laravel\\framework\\src\\Illuminate\\Routing\\Pipeline.php(53): Illuminate\\Pipeline\\Pipeline->Illuminate\\Pipeline\\{closure}(Object(Illuminate\\Http\\Request))
#34 E:\\Backup\\04-May-2019\\POSAPI\\vendor\\laravel\\framework\\src\\Illuminate\\Foundation\\Http\\Middleware\\CheckForMaintenanceMode.php(62): Illuminate\\Routing\\Pipeline->Illuminate\\Routing\\{closure}(Object(Illuminate\\Http\\Request))
#35 E:\\Backup\\04-May-2019\\POSAPI\\vendor\\laravel\\framework\\src\\Illuminate\\Pipeline\\Pipeline.php(163): Illuminate\\Foundation\\Http\\Middleware\\CheckForMaintenanceMode->handle(Object(Illuminate\\Http\\Request), Object(Closure))
#36 E:\\Backup\\04-May-2019\\POSAPI\\vendor\\laravel\\framework\\src\\Illuminate\\Routing\\Pipeline.php(53): Illuminate\\Pipeline\\Pipeline->Illuminate\\Pipeline\\{closure}(Object(Illuminate\\Http\\Request))
#37 E:\\Backup\\04-May-2019\\POSAPI\\vendor\\laravel\\framework\\src\\Illuminate\\Pipeline\\Pipeline.php(104): Illuminate\\Routing\\Pipeline->Illuminate\\Routing\\{closure}(Object(Illuminate\\Http\\Request))
#38 E:\\Backup\\04-May-2019\\POSAPI\\vendor\\laravel\\framework\\src\\Illuminate\\Foundation\\Http\\Kernel.php(151): Illuminate\\Pipeline\\Pipeline->then(Object(Closure))
#39 E:\\Backup\\04-May-2019\\POSAPI\\vendor\\laravel\\framework\\src\\Illuminate\\Foundation\\Http\\Kernel.php(116): Illuminate\\Foundation\\Http\\Kernel->sendRequestThroughRouter(Object(Illuminate\\Http\\Request))
#40 E:\\Backup\\04-May-2019\\POSAPI\\public\\index.php(55): Illuminate\\Foundation\\Http\\Kernel->handle(Object(Illuminate\\Http\\Request))
#41 E:\\Backup\\04-May-2019\\POSAPI\\server.php(21): require_once('E:\\\\Backup\\\\04-Ma...')
#42 {main}
"} 
[2019-05-10 14:47:16] local.ERROR: SQLSTATE[HY000] [1049] Unknown database 'pos' (SQL: select * from information_schema.tables where table_schema = pos and table_name = migrations) {"exception":"[object] (Illuminate\\Database\\QueryException(code: 1049): SQLSTATE[HY000] [1049] Unknown database 'pos' (SQL: select * from information_schema.tables where table_schema = pos and table_name = migrations) at E:\\Backup\\04-May-2019\\POSAPI\\vendor\\laravel\\framework\\src\\Illuminate\\Database\\Connection.php:664, Doctrine\\DBAL\\Driver\\PDOException(code: 1049): SQLSTATE[HY000] [1049] Unknown database 'pos' at E:\\Backup\\04-May-2019\\POSAPI\\vendor\\doctrine\\dbal\\lib\\Doctrine\\DBAL\\Driver\\PDOConnection.php:31, PDOException(code: 1049): SQLSTATE[HY000] [1049] Unknown database 'pos' at E:\\Backup\\04-May-2019\\POSAPI\\vendor\\doctrine\\dbal\\lib\\Doctrine\\DBAL\\Driver\\PDOConnection.php:27)
[stacktrace]
#0 E:\\Backup\\04-May-2019\\POSAPI\\vendor\\laravel\\framework\\src\\Illuminate\\Database\\Connection.php(624): Illuminate\\Database\\Connection->runQueryCallback('select * from i...', Array, Object(Closure))
#1 E:\\Backup\\04-May-2019\\POSAPI\\vendor\\laravel\\framework\\src\\Illuminate\\Database\\Connection.php(333): Illuminate\\Database\\Connection->run('select * from i...', Array, Object(Closure))
#2 E:\\Backup\\04-May-2019\\POSAPI\\vendor\\laravel\\framework\\src\\Illuminate\\Database\\Schema\\MySqlBuilder.php(18): Illuminate\\Database\\Connection->select('select * from i...', Array)
#3 E:\\Backup\\04-May-2019\\POSAPI\\vendor\\laravel\\framework\\src\\Illuminate\\Database\\Migrations\\DatabaseMigrationRepository.php(169): Illuminate\\Database\\Schema\\MySqlBuilder->hasTable('migrations')
#4 E:\\Backup\\04-May-2019\\POSAPI\\vendor\\laravel\\framework\\src\\Illuminate\\Database\\Migrations\\Migrator.php(556): Illuminate\\Database\\Migrations\\DatabaseMigrationRepository->repositoryExists()
#5 E:\\Backup\\04-May-2019\\POSAPI\\vendor\\laravel\\framework\\src\\Illuminate\\Database\\Console\\Migrations\\MigrateCommand.php(91): Illuminate\\Database\\Migrations\\Migrator->repositoryExists()
#6 E:\\Backup\\04-May-2019\\POSAPI\\vendor\\laravel\\framework\\src\\Illuminate\\Database\\Console\\Migrations\\MigrateCommand.php(63): Illuminate\\Database\\Console\\Migrations\\MigrateCommand->prepareDatabase()
#7 [internal function]: Illuminate\\Database\\Console\\Migrations\\MigrateCommand->handle()
#8 E:\\Backup\\04-May-2019\\POSAPI\\vendor\\laravel\\framework\\src\\Illuminate\\Container\\BoundMethod.php(32): call_user_func_array(Array, Array)
#9 E:\\Backup\\04-May-2019\\POSAPI\\vendor\\laravel\\framework\\src\\Illuminate\\Container\\BoundMethod.php(90): Illuminate\\Container\\BoundMethod::Illuminate\\Container\\{closure}()
#10 E:\\Backup\\04-May-2019\\POSAPI\\vendor\\laravel\\framework\\src\\Illuminate\\Container\\BoundMethod.php(34): Illuminate\\Container\\BoundMethod::callBoundMethod(Object(Illuminate\\Foundation\\Application), Array, Object(Closure))
#11 E:\\Backup\\04-May-2019\\POSAPI\\vendor\\laravel\\framework\\src\\Illuminate\\Container\\Container.php(580): Illuminate\\Container\\BoundMethod::call(Object(Illuminate\\Foundation\\Application), Array, Array, NULL)
#12 E:\\Backup\\04-May-2019\\POSAPI\\vendor\\laravel\\framework\\src\\Illuminate\\Console\\Command.php(183): Illuminate\\Container\\Container->call(Array)
#13 E:\\Backup\\04-May-2019\\POSAPI\\vendor\\symfony\\console\\Command\\Command.php(255): Illuminate\\Console\\Command->execute(Object(Symfony\\Component\\Console\\Input\\ArgvInput), Object(Illuminate\\Console\\OutputStyle))
#14 E:\\Backup\\04-May-2019\\POSAPI\\vendor\\laravel\\framework\\src\\Illuminate\\Console\\Command.php(170): Symfony\\Component\\Console\\Command\\Command->run(Object(Symfony\\Component\\Console\\Input\\ArgvInput), Object(Illuminate\\Console\\OutputStyle))
#15 E:\\Backup\\04-May-2019\\POSAPI\\vendor\\symfony\\console\\Application.php(908): Illuminate\\Console\\Command->run(Object(Symfony\\Component\\Console\\Input\\ArgvInput), Object(Symfony\\Component\\Console\\Output\\ConsoleOutput))
#16 E:\\Backup\\04-May-2019\\POSAPI\\vendor\\symfony\\console\\Application.php(269): Symfony\\Component\\Console\\Application->doRunCommand(Object(Illuminate\\Database\\Console\\Migrations\\MigrateCommand), Object(Symfony\\Component\\Console\\Input\\ArgvInput), Object(Symfony\\Component\\Console\\Output\\ConsoleOutput))
#17 E:\\Backup\\04-May-2019\\POSAPI\\vendor\\symfony\\console\\Application.php(145): Symfony\\Component\\Console\\Application->doRun(Object(Symfony\\Component\\Console\\Input\\ArgvInput), Object(Symfony\\Component\\Console\\Output\\ConsoleOutput))
#18 E:\\Backup\\04-May-2019\\POSAPI\\vendor\\laravel\\framework\\src\\Illuminate\\Console\\Application.php(90): Symfony\\Component\\Console\\Application->run(Object(Symfony\\Component\\Console\\Input\\ArgvInput), Object(Symfony\\Component\\Console\\Output\\ConsoleOutput))
#19 E:\\Backup\\04-May-2019\\POSAPI\\vendor\\laravel\\framework\\src\\Illuminate\\Foundation\\Console\\Kernel.php(122): Illuminate\\Console\\Application->run(Object(Symfony\\Component\\Console\\Input\\ArgvInput), Object(Symfony\\Component\\Console\\Output\\ConsoleOutput))
#20 E:\\Backup\\04-May-2019\\POSAPI\\artisan(37): Illuminate\\Foundation\\Console\\Kernel->handle(Object(Symfony\\Component\\Console\\Input\\ArgvInput), Object(Symfony\\Component\\Console\\Output\\ConsoleOutput))
#21 {main}
"} 
